<?xml version="1.0" encoding="UTF-8"?>
<!-- Generated by org.testng.reporters.JUnitReportReporter -->
<testsuite hostname="LAPTOP-OSKAP9QF" failures="0" tests="2" name="automation.genericLib.HierarchyAnnotations" time="0.008" errors="0" timestamp="2022-09-29T09:42:59 IST" skipped="0">
  <testcase classname="automation.genericLib.HierarchyAnnotations" name="createCustomer" time="0.007"/>
  <system-out/>
  <testcase classname="automation.genericLib.HierarchyAnnotations" name="modifyUser" time="0.001"/>
  <system-out/>
</testsuite> <!-- automation.genericLib.HierarchyAnnotations -->
