<?xml version="1.0" encoding="UTF-8"?>
<!-- Generated by org.testng.reporters.JUnitReportReporter -->
<testsuite hostname="LAPTOP-OSKAP9QF" failures="0" tests="1" name="TestScript.PartialSoftAssert" time="0.009" errors="0" timestamp="2022-10-03T07:58:22 IST" skipped="0">
  <testcase classname="TestScript.PartialSoftAssert" name="ckeckAssert" time="0.009"/>
  <system-out/>
</testsuite> <!-- TestScript.PartialSoftAssert -->
