<?xml version="1.0" encoding="UTF-8"?>
<!-- Generated by org.testng.reporters.JUnitReportReporter -->
<testsuite hostname="LAPTOP-OSKAP9QF" failures="0" tests="1" name="automation.genericLib.Testt1" time="0.010" errors="0" timestamp="2022-09-29T09:04:14 IST" skipped="0">
  <testcase classname="automation.genericLib.Testt1" name="createUser" time="0.010"/>
  <system-out/>
</testsuite> <!-- automation.genericLib.Testt1 -->
