<?xml version="1.0" encoding="UTF-8"?>
<!-- Generated by org.testng.reporters.JUnitReportReporter -->
<testsuite hostname="LAPTOP-OSKAP9QF" failures="0" tests="1" name="TestScript.PartialHardAssert" time="0.008" errors="0" timestamp="2022-10-03T07:38:24 IST" skipped="0">
  <testcase classname="TestScript.PartialHardAssert" name="checkAssert" time="0.008"/>
  <system-out/>
</testsuite> <!-- TestScript.PartialHardAssert -->
