<?xml version="1.0" encoding="UTF-8"?>
<!-- Generated by org.testng.reporters.JUnitReportReporter -->
<testsuite hostname="LAPTOP-OSKAP9QF" failures="0" tests="5" name="automation.genericLib.Test8" time="0.016" errors="0" timestamp="2022-09-29T09:23:52 IST" skipped="0">
  <testcase classname="automation.genericLib.Test8" name="createUser" time="0.006"/>
  <system-out/>
  <testcase classname="automation.genericLib.Test8" name="createUser" time="0.000"/>
  <system-out/>
  <testcase classname="automation.genericLib.Test8" name="createUser" time="0.001"/>
  <system-out/>
  <testcase classname="automation.genericLib.Test8" name="createUser" time="0.001"/>
  <system-out/>
  <testcase classname="automation.genericLib.Test8" name="createUser" time="0.008"/>
  <system-out/>
</testsuite> <!-- automation.genericLib.Test8 -->
