<?xml version="1.0" encoding="UTF-8"?>
<!-- Generated by org.testng.reporters.JUnitReportReporter -->
<testsuite hostname="LAPTOP-OSKAP9QF" failures="0" tests="3" name="automation.genericLib.Test4" time="0.009" errors="0" timestamp="2022-09-30T10:10:41 IST" skipped="0">
  <testcase classname="automation.genericLib.Test4" name="deleteUser" time="0.001"/>
  <system-out/>
  <testcase classname="automation.genericLib.Test4" name="modifyUser" time="0.001"/>
  <system-out/>
  <testcase classname="automation.genericLib.Test4" name="createUser" time="0.007"/>
  <system-out/>
</testsuite> <!-- automation.genericLib.Test4 -->
