<?xml version="1.0" encoding="UTF-8"?>
<!-- Generated by org.testng.reporters.JUnitReportReporter -->
<testsuite hostname="LAPTOP-OSKAP9QF" failures="0" tests="3" name="automation.genericLib.Test3" time="0.030" errors="0" timestamp="2022-09-29T09:08:06 IST" skipped="0">
  <testcase classname="automation.genericLib.Test3" name="createUser" time="0.028"/>
  <system-out/>
  <testcase classname="automation.genericLib.Test3" name="deleteUser" time="0.001"/>
  <system-out/>
  <testcase classname="automation.genericLib.Test3" name="modifyUser" time="0.001"/>
  <system-out/>
</testsuite> <!-- automation.genericLib.Test3 -->
