<?xml version="1.0" encoding="UTF-8"?>
<!-- Generated by org.testng.reporters.JUnitReportReporter -->
<testsuite hostname="LAPTOP-OSKAP9QF" failures="0" tests="3" name="automation.genericLib.Test6" time="0.015" errors="0" timestamp="2022-09-29T09:16:45 IST" skipped="0">
  <testcase classname="automation.genericLib.Test6" name="createUser" time="0.013"/>
  <system-out/>
  <testcase classname="automation.genericLib.Test6" name="modifyUser" time="0.001"/>
  <system-out/>
  <testcase classname="automation.genericLib.Test6" name="deleteUser" time="0.001"/>
  <system-out/>
</testsuite> <!-- automation.genericLib.Test6 -->
