<?xml version="1.0" encoding="UTF-8"?>
<!-- Generated by org.testng.reporters.JUnitReportReporter -->
<testsuite hostname="LAPTOP-OSKAP9QF" failures="0" tests="1" name="TestScript.ActitimePrintMessage" time="14.492" errors="0" timestamp="2022-10-15T11:06:03 IST" skipped="0">
  <testcase classname="TestScript.ActitimePrintMessage" name="printMsg" time="14.492"/>
  <system-out/>
</testsuite> <!-- TestScript.ActitimePrintMessage -->
