<?xml version="1.0" encoding="UTF-8"?>
<!-- Generated by org.testng.reporters.JUnitReportReporter -->
<testsuite hostname="LAPTOP-OSKAP9QF" failures="0" tests="3" name="automation.genericLib.Test5" time="0.011" errors="0" timestamp="2022-09-29T09:14:23 IST" skipped="0">
  <testcase classname="automation.genericLib.Test5" name="createUser" time="0.009"/>
  <system-out/>
  <testcase classname="automation.genericLib.Test5" name="modifyUser" time="0.001"/>
  <system-out/>
  <testcase classname="automation.genericLib.Test5" name="deleteUser" time="0.001"/>
  <system-out/>
</testsuite> <!-- automation.genericLib.Test5 -->
