<?xml version="1.0" encoding="UTF-8"?>
<!-- Generated by org.testng.reporters.JUnitReportReporter -->
<testsuite hostname="LAPTOP-OSKAP9QF" failures="0" tests="4" name="TestScript.DataproviderDemo" time="55.143" errors="0" timestamp="2022-10-05T16:55:26 IST" skipped="0">
  <testcase classname="TestScript.DataproviderDemo" name="login" time="15.884"/>
  <system-out/>
  <testcase classname="TestScript.DataproviderDemo" name="login" time="13.473"/>
  <system-out/>
  <testcase classname="TestScript.DataproviderDemo" name="login" time="12.106"/>
  <system-out/>
  <testcase classname="TestScript.DataproviderDemo" name="login" time="13.680"/>
  <system-out/>
</testsuite> <!-- TestScript.DataproviderDemo -->
