<?xml version="1.0" encoding="UTF-8"?>
<!-- Generated by org.testng.reporters.JUnitReportReporter -->
<testsuite hostname="LAPTOP-OSKAP9QF" failures="0" tests="1" name="automation.genericLib.Test2" time="0.009" errors="0" timestamp="2022-09-29T09:05:51 IST" skipped="0">
  <testcase classname="automation.genericLib.Test2" name="createUser" time="0.009"/>
  <system-out/>
</testsuite> <!-- automation.genericLib.Test2 -->
