<?xml version="1.0" encoding="UTF-8"?>
<!-- Generated by org.testng.reporters.JUnitReportReporter -->
<testsuite hostname="LAPTOP-OSKAP9QF" failures="0" tests="2" name="automation.genericLib.Test9CreateDependency" time="0.010" errors="0" timestamp="2022-09-29T09:27:29 IST" skipped="0">
  <testcase classname="automation.genericLib.Test9CreateDependency" name="signIn" time="0.001"/>
  <system-out/>
  <testcase classname="automation.genericLib.Test9CreateDependency" name="signUp" time="0.009"/>
  <system-out/>
</testsuite> <!-- automation.genericLib.Test9CreateDependency -->
