<?xml version="1.0" encoding="UTF-8"?>
<!-- Generated by org.testng.reporters.JUnitReportReporter -->
<testsuite hostname="LAPTOP-OSKAP9QF" failures="0" tests="3" name="automation.genericLib.Test7" time="0.016" errors="0" timestamp="2022-09-29T09:20:18 IST" skipped="1">
  <testcase classname="automation.genericLib.Test7" name="createUser" time="0.009"/>
  <system-out/>
  <testcase classname="automation.genericLib.Test7" name="deleteUser" time="0.007"/>
  <system-out/>
  <testcase classname="automation.genericLib.Test7" name="modifyUser">
    <skipped/>
  </testcase> <!-- modifyUser -->
  <system-out/>
</testsuite> <!-- automation.genericLib.Test7 -->
